<?xml version="1.0" encoding="UTF-8"?>
<!-- Generated by org.testng.reporters.JUnitXMLReporter -->
<testsuite ignored="2" hostname="LAPTOP-UOPUOK8O" failures="1" tests="2" name="parallelTest" time="13.509" errors="0" timestamp="2024-08-25T13:06:30 IST">
  <testcase classname="testScript.LoginPage_Test" name="verify_User_is_Able_To_Login_Using_Valid_Credentials" time="1.764"/>
  <testcase classname="testScript.LoginPage_Test" name="verify_User_is_Able_toLoginUsing_Invalid_UserName_and_Validpassword" time="0.005">
    <failure type="java.io.FileNotFoundException" message="C:\Users\jeffk\git\7RMart-SuperMarket\Automation_Project\src\main\resources\TestData.xlsx (The system cannot find the path specified)">
      <![CDATA[java.io.FileNotFoundException: C:\Users\jeffk\git\7RMart-SuperMarket\Automation_Project\src\main\resources\TestData.xlsx (The system cannot find the path specified)
at java.base/java.io.FileInputStream.open0(Native Method)
at java.base/java.io.FileInputStream.open(FileInputStream.java:216)
at java.base/java.io.FileInputStream.<init>(FileInputStream.java:157)
at java.base/java.io.FileInputStream.<init>(FileInputStream.java:111)
at utilities.Excel_Utilities.getStringData(Excel_Utilities.java:21)
at testScript.LoginPage_Test.verify_User_is_Able_toLoginUsing_Invalid_UserName_and_Validpassword(LoginPage_Test.java:46)
at java.base/java.util.concurrent.ThreadPoolExecutor.runWorker(ThreadPoolExecutor.java:1136)
at java.base/java.util.concurrent.ThreadPoolExecutor$Worker.run(ThreadPoolExecutor.java:635)
at java.base/java.lang.Thread.run(Thread.java:842)
... Removed 12 stack frames]]>
    </failure>
  </testcase> <!-- verify_User_is_Able_toLoginUsing_Invalid_UserName_and_Validpassword -->
  <testcase classname="testScript.LoginPage_Test" name="verify_User_is_Able_toLoginUsing_Valid_UserName_and_Invalidpassword" time="0.0">
    <ignored/>
  </testcase> <!-- verify_User_is_Able_toLoginUsing_Valid_UserName_and_Invalidpassword -->
  <testcase classname="testScript.LoginPage_Test" name="verify_User_is_Able_toLoginUsing_Invalid_Crendentials" time="0.0">
    <ignored/>
  </testcase> <!-- verify_User_is_Able_toLoginUsing_Invalid_Crendentials -->
</testsuite> <!-- parallelTest -->
