<?xml version="1.0" encoding="UTF-8"?>
<testng-results ignored="3" total="4" passed="1" failed="0" skipped="0">
  <reporter-output>
  </reporter-output>
  <suite started-at="2024-08-23T12:02:33 IST" name="Grouping" finished-at="2024-08-23T12:02:42 IST" duration-ms="8483">
    <groups>
      <group name="Smoke testing">
        <method signature="LoginPage_Test.verify_User_is_Able_toLoginUsing_Invalid_UserName_and_Validpassword()[pri:0, instance:testScript.LoginPage_Test@431cd9b2]" name="verify_User_is_Able_toLoginUsing_Invalid_UserName_and_Validpassword" class="testScript.LoginPage_Test"/>
      </group> <!-- Smoke testing -->
    </groups>
    <test started-at="2024-08-23T12:02:33 IST" name="Grouping.xml" finished-at="2024-08-23T12:02:42 IST" duration-ms="8483">
      <class name="testScript.LoginPage_Test">
        <test-method is-config="true" signature="initialiseBrowser(java.lang.String)[pri:0, instance:testScript.LoginPage_Test@431cd9b2]" started-at="2024-08-23T12:02:34 IST" name="initialiseBrowser" finished-at="2024-08-23T12:02:39 IST" duration-ms="5702" status="PASS">
          <params>
            <param index="0">
              <value>
                <![CDATA[Chrome]]>
              </value>
            </param>
          </params>
          <reporter-output>
          </reporter-output>
        </test-method> <!-- initialiseBrowser -->
        <test-method signature="verify_User_is_Able_toLoginUsing_Invalid_UserName_and_Validpassword()[pri:0, instance:testScript.LoginPage_Test@431cd9b2]" started-at="2024-08-23T12:02:39 IST" name="verify_User_is_Able_toLoginUsing_Invalid_UserName_and_Validpassword" finished-at="2024-08-23T12:02:42 IST" duration-ms="2722" status="PASS">
          <reporter-output>
          </reporter-output>
        </test-method> <!-- verify_User_is_Able_toLoginUsing_Invalid_UserName_and_Validpassword -->
      </class> <!-- testScript.LoginPage_Test -->
    </test> <!-- Grouping.xml -->
  </suite> <!-- Grouping -->
</testng-results>
