<?xml version="1.0" encoding="UTF-8"?>
<!-- Generated by org.testng.reporters.JUnitXMLReporter -->
<testsuite ignored="3" hostname="LAPTOP-UOPUOK8O" failures="0" tests="1" name="Chrome Test" time="6.772" errors="0" timestamp="2024-08-23T10:56:10 IST">
  <testcase classname="testScript.LoginPage_Test" name="verify_User_is_Able_To_Login_Using_Valid_Credentials" time="1.252"/>
  <testcase classname="testScript.LoginPage_Test" name="verify_User_is_Able_toLoginUsing_Valid_UserName_and_Invalidpassword" time="0.0">
    <ignored/>
  </testcase> <!-- verify_User_is_Able_toLoginUsing_Valid_UserName_and_Invalidpassword -->
  <testcase classname="testScript.LoginPage_Test" name="verify_User_is_Able_toLoginUsing_Invalid_UserName_and_Validpassword" time="0.0">
    <ignored/>
  </testcase> <!-- verify_User_is_Able_toLoginUsing_Invalid_UserName_and_Validpassword -->
  <testcase classname="testScript.LoginPage_Test" name="verify_User_is_Able_toLoginUsing_Invalid_Crendentials" time="0.0">
    <ignored/>
  </testcase> <!-- verify_User_is_Able_toLoginUsing_Invalid_Crendentials -->
</testsuite> <!-- Chrome Test -->
